<?xml version="1.0" encoding="UTF-8"?>
<!-- Generated by org.testng.reporters.JUnitReportReporter -->
<testsuite hostname="DESKTOP-4OEFA77" failures="0" tests="1" name="testCases.LoginTest" time="10.658" errors="0" timestamp="2024-10-02T18:12:54 IST" skipped="0">
  <testcase classname="testCases.LoginTest" name="login" time="10.658"/>
</testsuite> <!-- testCases.LoginTest -->
