<?xml version="1.0" encoding="UTF-8"?>
<!-- Generated by org.testng.reporters.JUnitReportReporter -->
<testsuite hostname="DESKTOP-4OEFA77" failures="0" tests="1" name="TakeScreenshotDemo" time="4.533" errors="0" timestamp="2024-09-28T11:50:11 IST" skipped="0">
  <testcase classname="TakeScreenshotDemo" name="Login" time="4.533"/>
</testsuite> <!-- TakeScreenshotDemo -->
