<?xml version="1.0" encoding="UTF-8"?>
<!-- Generated by org.testng.reporters.JUnitReportReporter -->
<testsuite hostname="DESKTOP-4OEFA77" failures="0" tests="3" name="CodePractise.DataProviderDemo" time="7.733" errors="0" timestamp="2024-09-28T23:26:47 IST" skipped="0">
  <testcase classname="CodePractise.DataProviderDemo" name="login" time="2.578"/>
  <testcase classname="CodePractise.DataProviderDemo" name="login" time="2.630"/>
  <testcase classname="CodePractise.DataProviderDemo" name="login" time="2.525"/>
</testsuite> <!-- CodePractise.DataProviderDemo -->
