<?xml version="1.0" encoding="UTF-8"?>
<!-- Generated by org.testng.reporters.JUnitReportReporter -->
<testsuite hostname="DESKTOP-4OEFA77" failures="0" tests="1" name="CodePractise.TakeScreenshotDemo" time="2.854" errors="0" timestamp="2024-09-28T11:57:45 IST" skipped="0">
  <testcase classname="CodePractise.TakeScreenshotDemo" name="Login" time="2.854"/>
</testsuite> <!-- CodePractise.TakeScreenshotDemo -->
