<?xml version="1.0" encoding="UTF-8"?>
<!-- Generated by org.testng.reporters.JUnitReportReporter -->
<testsuite hostname="DESKTOP-4OEFA77" failures="0" tests="1" name="CodePractise.WriteDataFromExcel" time="0.788" errors="0" timestamp="2024-09-28T12:58:36 IST" skipped="0">
  <testcase classname="CodePractise.WriteDataFromExcel" name="readData" time="0.788"/>
</testsuite> <!-- CodePractise.WriteDataFromExcel -->
