<?xml version="1.0" encoding="UTF-8"?>
<!-- Generated by org.testng.reporters.JUnitReportReporter -->
<testsuite hostname="DESKTOP-4OEFA77" failures="0" tests="1" name="CodePractise.ReadDataFromExcel" time="0.649" errors="0" timestamp="2024-09-28T12:38:11 IST" skipped="0">
  <testcase classname="CodePractise.ReadDataFromExcel" name="readData" time="0.649"/>
</testsuite> <!-- CodePractise.ReadDataFromExcel -->
